<?xml version="1.0" encoding="UTF-8"?>
<!-- Generated by org.testng.reporters.JUnitReportReporter -->
<testsuite skipped="0" hostname="LAPTOP-F3AQ14PA" name="testNGTest.TestIFrames" tests="1" failures="0" timestamp="2020-05-05T23:18:38 EDT" time="20.034" errors="0">
  <testcase name="testFrames" time="20.034" classname="testNGTest.TestIFrames"/>
  <system-out/>
</testsuite> <!-- testNGTest.TestIFrames -->
