<?xml version="1.0" encoding="UTF-8"?>
<!-- Generated by org.testng.reporters.JUnitReportReporter -->
<testsuite skipped="0" hostname="LAPTOP-F3AQ14PA" name="testNGTest.VerifyRadiobutton" tests="1" failures="0" timestamp="2020-04-29T00:06:39 EDT" time="17.900" errors="0">
  <testcase name="verifyAllRadioButtons" time="17.900" classname="testNGTest.VerifyRadiobutton"/>
  <system-out/>
</testsuite> <!-- testNGTest.VerifyRadiobutton -->
