<?xml version="1.0" encoding="UTF-8"?>
<!-- Generated by org.testng.reporters.JUnitReportReporter -->
<testsuite skipped="0" hostname="LAPTOP-F3AQ14PA" name="testNGTest.VerifyRadiobutton" tests="1" failures="0" timestamp="2020-05-01T00:37:34 EDT" time="11.000" errors="0">
  <testcase name="verifyRadioAndCheckBoxButton" time="11.000" classname="testNGTest.VerifyRadiobutton"/>
  <system-out/>
</testsuite> <!-- testNGTest.VerifyRadiobutton -->
