<?xml version="1.0" encoding="UTF-8"?>
<!-- Generated by org.testng.reporters.JUnitReportReporter -->
<testsuite skipped="0" hostname="LAPTOP-F3AQ14PA" name="driverConfig.driver" tests="2" failures="0" timestamp="2020-03-15T23:59:25 EDT" time="0.026" errors="0">
  <testcase name="shouldAnswerWithTrue" time="0.023" classname="driverConfig.driver"/>
  <system-out/>
  <testcase name="whatnow" time="0.003" classname="driverConfig.driver"/>
  <system-out/>
</testsuite> <!-- driverConfig.driver -->
