<?xml version="1.0" encoding="UTF-8"?>
<!-- Generated by org.testng.reporters.JUnitReportReporter -->
<testsuite skipped="0" hostname="LAPTOP-F3AQ14PA" name="testNGTest.VerifyWindows" tests="1" failures="0" timestamp="2020-05-05T22:19:25 EDT" time="17.382" errors="0">
  <testcase name="testWindows" time="17.382" classname="testNGTest.VerifyWindows"/>
  <system-out/>
</testsuite> <!-- testNGTest.VerifyWindows -->
