<?xml version="1.0" encoding="UTF-8"?>
<!-- Generated by org.testng.reporters.JUnitReportReporter -->
<testsuite skipped="0" hostname="LAPTOP-F3AQ14PA" name="testNGTest.MouseHoverTest" tests="1" failures="0" timestamp="2020-05-06T00:04:50 EDT" time="14.117" errors="0">
  <testcase name="testMouseHover" time="14.117" classname="testNGTest.MouseHoverTest"/>
  <system-out/>
</testsuite> <!-- testNGTest.MouseHoverTest -->
