<?xml version="1.0" encoding="UTF-8"?>
<!-- Generated by org.testng.reporters.JUnitReportReporter -->
<testsuite skipped="0" hostname="LAPTOP-F3AQ14PA" name="testNGTest.AlertTest" tests="1" failures="0" timestamp="2020-05-05T22:40:52 EDT" time="17.513" errors="0">
  <testcase name="testAlert" time="17.513" classname="testNGTest.AlertTest"/>
  <system-out/>
</testsuite> <!-- testNGTest.AlertTest -->
