<?xml version="1.0" encoding="UTF-8"?>
<!-- Generated by org.testng.reporters.JUnitReportReporter -->
<testsuite skipped="0" hostname="LAPTOP-F3AQ14PA" name="mainFunction.MainDriver" tests="1" failures="0" timestamp="2020-04-27T21:41:19 EDT" time="5.866" errors="0">
  <testcase name="test" time="5.866" classname="mainFunction.MainDriver"/>
  <system-out/>
</testsuite> <!-- mainFunction.MainDriver -->
